
reset_timestep 0

#######  Quenching  #######
dump  44  all custom 100 dump_file.lammpstrj id type x y z
dump  55  all custom 100 dump_file.* id type x y z

fix 1 all npt temp 0.45 0.45 1.0 iso 0.0 0.0 10.0
run	50000
Neighbor list info ...
  update every 10 steps, delay 0 steps, check yes
  max neighbors/atom: 2000, page size: 100000
  master list distance cutoff = 2.47
  ghost atom cutoff = 2.47
  binsize = 1.235, bins = 12 12 12
  1 neighbor lists, perpetual/occasional/extra = 1 0 0
  (1) pair sw, perpetual
      attributes: full, newton on
      pair build: full/bin/atomonly
      stencil: full/bin/3d
      bin: standard
Per MPI rank memory allocation (min/avg/max) = 6.821 | 6.821 | 6.821 Mbytes
Step KinEng v_T_r Volume 
       0   0.52485392    176.12685    2926.1689 
    1000   0.58730826    197.08485    2956.4236 
    2000   0.68922109    231.28405     3001.583 
    3000   0.68465663    229.75234    2987.5843 
    4000   0.68134393    228.64069    2979.8767 
    5000   0.67425985    226.26346    2980.1929 
    6000   0.67501214    226.51591    2997.7155 
    7000   0.68329823     229.2965    2990.7607 
    8000   0.66843833    224.30991    2982.5991 
    9000   0.67060654    225.03751    2993.4607 
   10000    0.6792503    227.93812    3007.0614 
   11000   0.66906592    224.52052    2984.8728 
   12000    0.6664843    223.65419    2985.5936 
   13000   0.67783096    227.46183    2990.2601 
   14000    0.6833762    229.32266     2996.602 
   15000   0.68069441    228.42273    2991.7144 
   16000   0.65934051    221.25693    2997.3329 
   17000   0.66845691    224.31615    2991.2185 
   18000   0.67881957    227.79358    2982.9762 
   19000   0.67131821    225.27632    2981.2919 
   20000   0.68230796    228.96419    2974.1756 
   21000   0.67820921    227.58876    2983.9785 
   22000   0.68479953    229.80029    2979.9342 
   23000   0.67453358    226.35531    2981.6221 
   24000   0.67192486     225.4799    2994.7801 
   25000    0.6840734    229.55662    2995.5581 
   26000   0.67176183    225.42519    2992.9835 
   27000   0.66487424     223.1139    2989.8077 
   28000   0.67077009    225.09239     2980.264 
   29000   0.68513028    229.91128    2987.8866 
   30000   0.68157851     228.7194    2985.6725 
   31000   0.68301898    229.20279    2972.4663 
   32000    0.6756267    226.72214    2973.6399 
   33000   0.67248746    225.66869    2996.3219 
   34000   0.68109307     228.5565    2998.5747 
   35000   0.65785349    220.75792    2989.0797 
   36000     0.668731    224.40813    2993.3035 
   37000   0.66456001    223.00845    3002.8202 
   38000   0.67494734    226.49416    2993.2835 
   39000   0.66638599     223.6212    2989.6302 
   40000   0.67940245    227.98918    2994.6115 
   41000   0.66168463    222.04355    2997.7616 
   42000   0.66663472    223.70467    2976.6471 
   43000   0.66006609    221.50042    2991.4787 
   44000   0.67141788    225.30977    3002.2453 
   45000   0.67277587    225.76548    3009.4882 
   46000   0.67432894    226.28664    2991.2966 
   47000   0.67528359      226.607    2986.2074 
   48000   0.68344007    229.34409    2987.6127 
   49000   0.68784995    230.82393    2976.5413 
   50000    0.6648111    223.09271    2984.5077 
Loop time of 12498.7 on 1 procs for 50000 steps with 3594 atoms

Performance: 1728.181 tau/day, 4.000 timesteps/s
87.3% CPU use with 1 MPI tasks x no OpenMP threads

MPI task timing breakdown:
Section |  min time  |  avg time  |  max time  |%varavg| %total
---------------------------------------------------------------
Pair    | 12407      | 12407      | 12407      |   0.0 | 99.27
Neigh   | 56.533     | 56.533     | 56.533     |   0.0 |  0.45
Comm    | 4.1342     | 4.1342     | 4.1342     |   0.0 |  0.03
Output  | 12.238     | 12.238     | 12.238     |   0.0 |  0.10
Modify  | 16.9       | 16.9       | 16.9       |   0.0 |  0.14
Other   |            | 1.429      |            |       |  0.01

Nlocal:    3594 ave 3594 max 3594 min
Histogram: 1 0 0 0 0 0 0 0 0 0
Nghost:    5126 ave 5126 max 5126 min
Histogram: 1 0 0 0 0 0 0 0 0 0
Neighs:    0 ave 0 max 0 min
Histogram: 1 0 0 0 0 0 0 0 0 0
FullNghs:  273912 ave 273912 max 273912 min
Histogram: 1 0 0 0 0 0 0 0 0 0

Total # of neighbors = 273912
Ave neighs/atom = 76.2137
Neighbor list builds = 2500
Dangerous builds = 1
unfix 1



Total wall time: 3:28:19
