
reset_timestep 0

#######  Quenching  #######
dump  44  all custom 100 dump_file.lammpstrj id type x y z
dump  55  all custom 100 dump_file.* id type x y z

fix 1 all npt temp 0.45 0.45 1.0 iso 0.0 0.0 10.0
run	50000
Neighbor list info ...
  update every 10 steps, delay 0 steps, check yes
  max neighbors/atom: 2000, page size: 100000
  master list distance cutoff = 2.47
  ghost atom cutoff = 2.47
  binsize = 1.235, bins = 10 10 10
  1 neighbor lists, perpetual/occasional/extra = 1 0 0
  (1) pair sw, perpetual
      attributes: full, newton on
      pair build: full/bin/atomonly
      stencil: full/bin/3d
      bin: standard
Per MPI rank memory allocation (min/avg/max) = 6.257 | 6.257 | 6.257 Mbytes
Step KinEng v_T_r Volume 
       0   0.52474365    176.12685     1659.802 
    1000    0.6688856    224.50717    1680.5591 
    2000   0.65382676    219.45277    1676.5707 
    3000   0.68746432      230.743    1678.7856 
    4000    0.6725378    225.73301    1673.6801 
    5000   0.65935341    221.30776    1674.1555 
    6000   0.70162977    235.49755    1687.1526 
    7000   0.68067906    228.46557    1672.3126 
    8000   0.67123616    225.29612    1665.2959 
    9000   0.68500934    229.91901     1677.173 
   10000   0.67930322    228.00378    1670.0739 
   11000   0.66114657    221.90962    1663.4612 
   12000    0.6594016    221.32393    1673.3579 
   13000   0.66699055    223.87111    1679.2315 
   14000   0.66233555    222.30869    1674.5142 
   15000   0.64756835    217.35217     1675.634 
   16000   0.68093539    228.55161    1675.3788 
   17000   0.64066331    215.03454    1678.8688 
   18000    0.6683109    224.31428    1684.9372 
   19000   0.66442823    223.01109    1673.3141 
   20000   0.68591332    230.22242     1673.161 
   21000   0.67008719    224.91048    1666.4823 
   22000   0.66295052     222.5151     1673.131 
   23000   0.67611072    226.93224    1676.3546 
   24000   0.68471856     229.8214    1677.7092 
   25000   0.68529489    230.01485    1666.6885 
   26000   0.67650521    227.06465    1666.3578 
   27000   0.68481743    229.85459    1679.7086 
   28000   0.69102515    231.93817    1686.7242 
   29000   0.67606066    226.91544    1674.1313 
   30000   0.68203927    228.92212     1668.699 
   31000    0.6776679     227.4549    1682.4675 
   32000    0.6703238     224.9899    1676.4588 
   33000   0.68161256     228.7789    1673.0343 
   34000    0.6774552     227.3835    1676.3301 
   35000   0.66756761     224.0648    1675.4955 
   36000   0.67553314    226.73838    1665.7933 
   37000   0.67974873    228.15331    1664.8866 
   38000   0.68283624    229.18962    1682.0028 
   39000   0.66381215     222.8043     1684.155 
   40000   0.66386402    222.82171    1673.5079 
   41000   0.67995386    228.22216    1669.3514 
   42000   0.68814473    230.97138    1677.8202 
   43000   0.66584564    223.48683    1677.7507 
   44000   0.67408974    226.25391    1683.8628 
   45000   0.67725964    227.31787    1680.0024 
   46000   0.67522658    226.63548     1660.222 
   47000   0.68599953    230.25136    1667.4862 
   48000   0.66550039    223.37095    1668.9037 
   49000   0.66979891    224.81372    1678.1143 
   50000   0.68733431    230.69937    1677.7791 
Loop time of 7605.48 on 1 procs for 50000 steps with 2048 atoms

Performance: 2840.058 tau/day, 6.574 timesteps/s
93.7% CPU use with 1 MPI tasks x no OpenMP threads

MPI task timing breakdown:
Section |  min time  |  avg time  |  max time  |%varavg| %total
---------------------------------------------------------------
Pair    | 7554.7     | 7554.7     | 7554.7     |   0.0 | 99.33
Neigh   | 28.778     | 28.778     | 28.778     |   0.0 |  0.38
Comm    | 2.587      | 2.587      | 2.587      |   0.0 |  0.03
Output  | 9.6983     | 9.6983     | 9.6983     |   0.0 |  0.13
Modify  | 8.9237     | 8.9237     | 8.9237     |   0.0 |  0.12
Other   |            | 0.7537     |            |       |  0.01

Nlocal:    2048 ave 2048 max 2048 min
Histogram: 1 0 0 0 0 0 0 0 0 0
Nghost:    3725 ave 3725 max 3725 min
Histogram: 1 0 0 0 0 0 0 0 0 0
Neighs:    0 ave 0 max 0 min
Histogram: 1 0 0 0 0 0 0 0 0 0
FullNghs:  157774 ave 157774 max 157774 min
Histogram: 1 0 0 0 0 0 0 0 0 0

Total # of neighbors = 157774
Ave neighs/atom = 77.0381
Neighbor list builds = 2499
Dangerous builds = 0
unfix 1




Total wall time: 2:06:45
